<?xml version="1.0" encoding="UTF-8"?>
<!-- Generated by org.testng.reporters.JUnitReportReporter -->
<testsuite hostname="DESKTOP-2AMH4DH" failures="0" tests="2" name="testCases.Tc_001_NewRegistration" time="8.836" errors="0" timestamp="2024-03-08T15:22:21 IST" skipped="0">
  <testcase classname="testCases.Tc_001_NewRegistration" name="registrationAccount" time="4.438"/>
  <testcase classname="testCases.Tc_001_NewRegistration" name="registrationAccount" time="4.398"/>
</testsuite> <!-- testCases.Tc_001_NewRegistration -->
